[   -5195ms] [WARNING] The CSP policy enforced by this page is not strict enough to allow access to copilotLabPrivate.enableCopilotLab API. The following policies failed {Trusted Types, Script Src Restricted, CSP Headers Present}. @ chrome-search://local-ntp/local-ntp.html:0
[   -5195ms] [WARNING] The CSP policy enforced by this page is not strict enough to allow access to copilotLabPrivate.getCopilotLabState API. The following policies failed {Trusted Types, Script Src Restricted, CSP Headers Present}. @ chrome-search://local-ntp/local-ntp.html:0
[   -5194ms] [WARNING] The CSP policy enforced by this page is not strict enough to allow access to edgeEasyAuthPrivate.accountInfoReceived API. The following policies failed {Trusted Types, Script Src Restricted, CSP Headers Present}. @ chrome-search://local-ntp/local-ntp.html:0
[   -5194ms] [WARNING] The CSP policy enforced by this page is not strict enough to allow access to edgeEasyAuthPrivate.closeSignInPrompt API. The following policies failed {Trusted Types, Script Src Restricted, CSP Headers Present}. @ chrome-search://local-ntp/local-ntp.html:0
[   -5194ms] [WARNING] The CSP policy enforced by this page is not strict enough to allow access to edgeEasyAuthPrivate.getAccountType API. The following policies failed {Trusted Types, Script Src Restricted, CSP Headers Present}. @ chrome-search://local-ntp/local-ntp.html:0
[   -5194ms] [WARNING] The CSP policy enforced by this page is not strict enough to allow access to edgeEasyAuthPrivate.getApiVersion API. The following policies failed {Trusted Types, Script Src Restricted, CSP Headers Present}. @ chrome-search://local-ntp/local-ntp.html:0
[   -5194ms] [WARNING] The CSP policy enforced by this page is not strict enough to allow access to edgeEasyAuthPrivate.getProfileMSAAccountInfo API. The following policies failed {Trusted Types, Script Src Restricted, CSP Headers Present}. @ chrome-search://local-ntp/local-ntp.html:0
[   -5194ms] [WARNING] The CSP policy enforced by this page is not strict enough to allow access to edgeEasyAuthPrivate.removeIgnoreCAW API. The following policies failed {Trusted Types, Script Src Restricted, CSP Headers Present}. @ chrome-search://local-ntp/local-ntp.html:0
[   -5194ms] [WARNING] The CSP policy enforced by this page is not strict enough to allow access to edgeEasyAuthPrivate.showSignInPrompt API. The following policies failed {Trusted Types, Script Src Restricted, CSP Headers Present}. @ chrome-search://local-ntp/local-ntp.html:0
[   -5147ms] [WARNING] The CSP policy enforced by this page is not strict enough to allow access to ntpSettingsPrivate.activateTriggerWithPageType API. The following policies failed {Trusted Types, Script Src Restricted, CSP Headers Present}. @ chrome-search://local-ntp/local-ntp.html:0
[   -5147ms] [WARNING] The CSP policy enforced by this page is not strict enough to allow access to ntpSettingsPrivate.deleteLocalBackgroundImage API. The following policies failed {Trusted Types, Script Src Restricted, CSP Headers Present}. @ chrome-search://local-ntp/local-ntp.html:0
[   -5147ms] [WARNING] The CSP policy enforced by this page is not strict enough to allow access to ntpSettingsPrivate.getAllPrefs API. The following policies failed {Trusted Types, Script Src Restricted, CSP Headers Present}. @ chrome-search://local-ntp/local-ntp.html:0
[   -5147ms] [WARNING] The CSP policy enforced by this page is not strict enough to allow access to ntpSettingsPrivate.getConfigData API. The following policies failed {Trusted Types, Script Src Restricted, CSP Headers Present}. @ chrome-search://local-ntp/local-ntp.html:0
[   -5147ms] [WARNING] The CSP policy enforced by this page is not strict enough to allow access to ntpSettingsPrivate.getIrisAttributes API. The following policies failed {Trusted Types, Script Src Restricted, CSP Headers Present}. @ chrome-search://local-ntp/local-ntp.html:0
[   -5147ms] [WARNING] The CSP policy enforced by this page is not strict enough to allow access to ntpSettingsPrivate.getPref API. The following policies failed {Trusted Types, Script Src Restricted, CSP Headers Present}. @ chrome-search://local-ntp/local-ntp.html:0
[   -5147ms] [WARNING] The CSP policy enforced by this page is not strict enough to allow access to ntpSettingsPrivate.launchEdgeFeedback API. The following policies failed {Trusted Types, Script Src Restricted, CSP Headers Present}. @ chrome-search://local-ntp/local-ntp.html:0
[   -5147ms] [WARNING] The CSP policy enforced by this page is not strict enough to allow access to ntpSettingsPrivate.logLoadingError API. The following policies failed {Trusted Types, Script Src Restricted, CSP Headers Present}. @ chrome-search://local-ntp/local-ntp.html:0
[   -5147ms] [WARNING] The CSP policy enforced by this page is not strict enough to allow access to ntpSettingsPrivate.logSsrState API. The following policies failed {Trusted Types, Script Src Restricted, CSP Headers Present}. @ chrome-search://local-ntp/local-ntp.html:0
[   -5147ms] [WARNING] The CSP policy enforced by this page is not strict enough to allow access to ntpSettingsPrivate.logTopSitesTileActivated API. The following policies failed {Trusted Types, Script Src Restricted, CSP Headers Present}. @ chrome-search://local-ntp/local-ntp.html:0
[   -5147ms] [WARNING] The CSP policy enforced by this page is not strict enough to allow access to ntpSettingsPrivate.logWidgetsTileActivated API. The following policies failed {Trusted Types, Script Src Restricted, CSP Headers Present}. @ chrome-search://local-ntp/local-ntp.html:0
[   -5147ms] [WARNING] The CSP policy enforced by this page is not strict enough to allow access to ntpSettingsPrivate.openThemeSettings API. The following policies failed {Trusted Types, Script Src Restricted, CSP Headers Present}. @ chrome-search://local-ntp/local-ntp.html:0
[   -5147ms] [WARNING] The CSP policy enforced by this page is not strict enough to allow access to ntpSettingsPrivate.recordFeedEngagement API. The following policies failed {Trusted Types, Script Src Restricted, CSP Headers Present}. @ chrome-search://local-ntp/local-ntp.html:0
[   -5147ms] [WARNING] The CSP policy enforced by this page is not strict enough to allow access to ntpSettingsPrivate.recordShoppingUserAction API. The following policies failed {Trusted Types, Script Src Restricted, CSP Headers Present}. @ chrome-search://local-ntp/local-ntp.html:0
[   -5147ms] [WARNING] The CSP policy enforced by this page is not strict enough to allow access to ntpSettingsPrivate.sendNtpBackgroundImageData API. The following policies failed {Trusted Types, Script Src Restricted, CSP Headers Present}. @ chrome-search://local-ntp/local-ntp.html:0
[   -5147ms] [WARNING] The CSP policy enforced by this page is not strict enough to allow access to ntpSettingsPrivate.setPref API. The following policies failed {Trusted Types, Script Src Restricted, CSP Headers Present}. @ chrome-search://local-ntp/local-ntp.html:0
[   -5147ms] [WARNING] The CSP policy enforced by this page is not strict enough to allow access to ntpSettingsPrivate.updateFeedPref API. The following policies failed {Trusted Types, Script Src Restricted, CSP Headers Present}. @ chrome-search://local-ntp/local-ntp.html:0
